Using pre-set license
Built from '2020.3/staging' branch; Version is '2020.3.10f1 (297d780c91bc) revision 2719096'; Using compiler version '192528614'; Build Type 'Release'
OS: 'Windows 10 Home; OS build 19044.1466; Version 2009; 64bit' Language: 'de' Physical Memory: 16317 MB
BatchMode: 1, IsHumanControllingUs: 0, StartBugReporterOnCrash: 0, Is64bit: 1, IsPro: 0

 COMMAND LINE ARGUMENTS:
C:\Program Files\Unity\Hub\Editor\2020.3.10f1\Editor\Unity.exe
-adb2
-batchMode
-noUpm
-name
AssetImportWorker0
-projectPath
D:/Programmieren/Unity Projekte/jeuchevalier
-logFile
Logs/AssetImportWorker0.log
-srvPort
58129
Successfully changed project path to: D:/Programmieren/Unity Projekte/jeuchevalier
D:/Programmieren/Unity Projekte/jeuchevalier
Using Asset Import Pipeline V2.
Refreshing native plugins compatible for Editor in 38.88 ms, found 3 plugins.
Preloading 0 native plugins for Editor in 0.00 ms.
Initialize engine version: 2020.3.10f1 (297d780c91bc)
[Subsystems] Discovering subsystems at path C:/Program Files/Unity/Hub/Editor/2020.3.10f1/Editor/Data/Resources/UnitySubsystems
[Subsystems] Discovering subsystems at path D:/Programmieren/Unity Projekte/jeuchevalier/Assets
GfxDevice: creating device client; threaded=0
Direct3D:
    Version:  Direct3D 11.0 [level 11.1]
    Renderer: NVIDIA GeForce GTX 1660 Ti (ID=0x2182)
    Vendor:   
    VRAM:     5991 MB
    Driver:   27.21.14.6109
Initialize mono
Mono path[0] = 'C:/Program Files/Unity/Hub/Editor/2020.3.10f1/Editor/Data/Managed'
Mono path[1] = 'C:/Program Files/Unity/Hub/Editor/2020.3.10f1/Editor/Data/MonoBleedingEdge/lib/mono/unityjit'
Mono config path = 'C:/Program Files/Unity/Hub/Editor/2020.3.10f1/Editor/Data/MonoBleedingEdge/etc'
Using monoOptions --debugger-agent=transport=dt_socket,embedding=1,server=y,suspend=n,address=127.0.0.1:56756
Begin MonoManager ReloadAssembly
Registering precompiled unity dll's ...
Register platform support module: C:/Program Files/Unity/Hub/Editor/2020.3.10f1/Editor/Data/PlaybackEngines/WindowsStandaloneSupport/UnityEditor.WindowsStandalone.Extensions.dll
Registered in 0.002177 seconds.
Native extension for WindowsStandalone target not found
Refreshing native plugins compatible for Editor in 39.67 ms, found 3 plugins.
Preloading 0 native plugins for Editor in 0.00 ms.
Mono: successfully reloaded assembly
- Completed reload, in  0.982 seconds
Platform modules already initialized, skipping
Registering precompiled user dll's ...
Registered in 0.004313 seconds.
Begin MonoManager ReloadAssembly
Native extension for WindowsStandalone target not found
Refreshing native plugins compatible for Editor in 36.27 ms, found 3 plugins.
Preloading 0 native plugins for Editor in 0.00 ms.
Mono: successfully reloaded assembly
- Completed reload, in  0.942 seconds
Platform modules already initialized, skipping
========================================================================
Worker process is ready to serve import requests
Launched and connected shader compiler UnityShaderCompiler.exe after 0.09 seconds
Refreshing native plugins compatible for Editor in 0.47 ms, found 3 plugins.
Preloading 0 native plugins for Editor in 0.00 ms.
Unloading 2092 Unused Serialized files (Serialized files now loaded: 0)
System memory in use before: 93.2 MB.
System memory in use after: 93.2 MB.

Unloading 33 unused Assets to reduce memory usage. Loaded Objects now: 2527.
Total: 2.157600 ms (FindLiveObjects: 0.276500 ms CreateObjectMapping: 0.049900 ms MarkObjects: 1.704900 ms  DeleteObjects: 0.124700 ms)

========================================================================
Received Import Request.
  path: Assets/Scenes/SampleScene.unity
  artifactKey: Guid(2cda990e2423bbf4892e6590ba056729) Importer(815301076,1909f56bfc062723c751e8b465ee728b)
Start importing Assets/Scenes/SampleScene.unity using Guid(2cda990e2423bbf4892e6590ba056729) Importer(815301076,1909f56bfc062723c751e8b465ee728b)  -> (artifact id: 'ab19840f57cbc20106404f6bd499737c') in 0.013656 seconds
  Import took 0.051623 seconds .

========================================================================
Received Prepare
Registering precompiled user dll's ...
Registered in 0.060456 seconds.
Begin MonoManager ReloadAssembly
Native extension for WindowsStandalone target not found
Refreshing native plugins compatible for Editor in 0.52 ms, found 3 plugins.
Preloading 0 native plugins for Editor in 0.00 ms.
Mono: successfully reloaded assembly
- Completed reload, in  0.816 seconds
Platform modules already initialized, skipping
Refreshing native plugins compatible for Editor in 0.52 ms, found 3 plugins.
Preloading 0 native plugins for Editor in 0.00 ms.
Unloading 2087 Unused Serialized files (Serialized files now loaded: 0)
System memory in use before: 93.2 MB.
System memory in use after: 93.2 MB.

Unloading 21 unused Assets to reduce memory usage. Loaded Objects now: 2531.
Total: 2.094800 ms (FindLiveObjects: 0.258600 ms CreateObjectMapping: 0.048900 ms MarkObjects: 1.673500 ms  DeleteObjects: 0.112200 ms)

========================================================================
Received Prepare
Registering precompiled user dll's ...
Registered in 0.003253 seconds.
Begin MonoManager ReloadAssembly
Native extension for WindowsStandalone target not found
Refreshing native plugins compatible for Editor in 0.49 ms, found 3 plugins.
Preloading 0 native plugins for Editor in 0.00 ms.
Mono: successfully reloaded assembly
- Completed reload, in  0.850 seconds
Platform modules already initialized, skipping
Refreshing native plugins compatible for Editor in 0.45 ms, found 3 plugins.
Preloading 0 native plugins for Editor in 0.00 ms.
Unloading 2087 Unused Serialized files (Serialized files now loaded: 0)
System memory in use before: 93.2 MB.
System memory in use after: 93.2 MB.

Unloading 21 unused Assets to reduce memory usage. Loaded Objects now: 2535.
Total: 2.471700 ms (FindLiveObjects: 0.232500 ms CreateObjectMapping: 0.125800 ms MarkObjects: 2.001400 ms  DeleteObjects: 0.110400 ms)

========================================================================
Received Import Request.
  Time since last request: 1394.798471 seconds.
  path: Assets/Scripts/Victory.cs
  artifactKey: Guid(40281b2eafff1164986e79a2f243def0) Importer(815301076,1909f56bfc062723c751e8b465ee728b)
Start importing Assets/Scripts/Victory.cs using Guid(40281b2eafff1164986e79a2f243def0) Importer(815301076,1909f56bfc062723c751e8b465ee728b)  -> (artifact id: '1b06c2177e2a82cbe954dfa479b0f56f') in 0.034524 seconds
  Import took 0.053306 seconds .

========================================================================
Received Prepare
Registering precompiled user dll's ...
Registered in 0.004272 seconds.
Begin MonoManager ReloadAssembly
Native extension for WindowsStandalone target not found
Refreshing native plugins compatible for Editor in 0.54 ms, found 3 plugins.
Preloading 0 native plugins for Editor in 0.00 ms.
Mono: successfully reloaded assembly
- Completed reload, in  0.844 seconds
Platform modules already initialized, skipping
Refreshing native plugins compatible for Editor in 0.59 ms, found 3 plugins.
Preloading 0 native plugins for Editor in 0.00 ms.
Unloading 2088 Unused Serialized files (Serialized files now loaded: 0)
System memory in use before: 93.3 MB.
System memory in use after: 93.3 MB.

Unloading 21 unused Assets to reduce memory usage. Loaded Objects now: 2540.
Total: 2.351400 ms (FindLiveObjects: 0.294900 ms CreateObjectMapping: 0.047600 ms MarkObjects: 1.880500 ms  DeleteObjects: 0.127000 ms)

========================================================================
Received Import Request.
  Time since last request: 35.676442 seconds.
  path: Assets/Scripts/GameOver.cs
  artifactKey: Guid(f14cf418db98dfd4b9312ae29c1c68ad) Importer(815301076,1909f56bfc062723c751e8b465ee728b)
Start importing Assets/Scripts/GameOver.cs using Guid(f14cf418db98dfd4b9312ae29c1c68ad) Importer(815301076,1909f56bfc062723c751e8b465ee728b)  -> (artifact id: '76581b86933b258515a418bc3e6e33b9') in 0.011706 seconds
  Import took 0.022632 seconds .

========================================================================
Received Import Request.
  Time since last request: 0.007879 seconds.
  path: Assets/Scripts/GameOver.cs
  artifactKey: Guid(f14cf418db98dfd4b9312ae29c1c68ad) Importer(815301076,1909f56bfc062723c751e8b465ee728b)
Start importing Assets/Scripts/GameOver.cs using Guid(f14cf418db98dfd4b9312ae29c1c68ad) Importer(815301076,1909f56bfc062723c751e8b465ee728b)  -> (artifact id: '76581b86933b258515a418bc3e6e33b9') in 0.003186 seconds
  Import took 0.011187 seconds .

========================================================================
Received Import Request.
  Time since last request: 753.748629 seconds.
  path: Assets/Scenes/SampleScene.unity
  artifactKey: Guid(2cda990e2423bbf4892e6590ba056729) Importer(815301076,1909f56bfc062723c751e8b465ee728b)
Start importing Assets/Scenes/SampleScene.unity using Guid(2cda990e2423bbf4892e6590ba056729) Importer(815301076,1909f56bfc062723c751e8b465ee728b)  -> (artifact id: '716ce2f0f759906a8b449fb84c8e7e33') in 0.011069 seconds
  Import took 0.023942 seconds .

========================================================================
Received Prepare
Registering precompiled user dll's ...
Registered in 0.064599 seconds.
Begin MonoManager ReloadAssembly
Native extension for WindowsStandalone target not found
Refreshing native plugins compatible for Editor in 0.49 ms, found 3 plugins.
Preloading 0 native plugins for Editor in 0.00 ms.
Mono: successfully reloaded assembly
- Completed reload, in  0.820 seconds
Platform modules already initialized, skipping
Refreshing native plugins compatible for Editor in 0.50 ms, found 3 plugins.
Preloading 0 native plugins for Editor in 0.00 ms.
Unloading 2087 Unused Serialized files (Serialized files now loaded: 0)
System memory in use before: 93.3 MB.
System memory in use after: 93.2 MB.

Unloading 22 unused Assets to reduce memory usage. Loaded Objects now: 2543.
Total: 2.198200 ms (FindLiveObjects: 0.243200 ms CreateObjectMapping: 0.048800 ms MarkObjects: 1.783100 ms  DeleteObjects: 0.121600 ms)

========================================================================
Received Prepare
Registering precompiled user dll's ...
Registered in 0.002923 seconds.
Begin MonoManager ReloadAssembly
Native extension for WindowsStandalone target not found
Refreshing native plugins compatible for Editor in 0.49 ms, found 3 plugins.
Preloading 0 native plugins for Editor in 0.00 ms.
Mono: successfully reloaded assembly
- Completed reload, in  0.799 seconds
Platform modules already initialized, skipping
Refreshing native plugins compatible for Editor in 0.41 ms, found 3 plugins.
Preloading 0 native plugins for Editor in 0.00 ms.
Unloading 2088 Unused Serialized files (Serialized files now loaded: 0)
System memory in use before: 93.3 MB.
System memory in use after: 93.3 MB.

Unloading 21 unused Assets to reduce memory usage. Loaded Objects now: 2548.
Total: 1.917000 ms (FindLiveObjects: 0.219300 ms CreateObjectMapping: 0.053000 ms MarkObjects: 1.542100 ms  DeleteObjects: 0.101400 ms)

========================================================================
Received Import Request.
  Time since last request: 2076.790899 seconds.
  path: Assets/Scripts/OffSet.cs
  artifactKey: Guid(d1e76c29174eb7840a6d4688124ab8fc) Importer(815301076,1909f56bfc062723c751e8b465ee728b)
Start importing Assets/Scripts/OffSet.cs using Guid(d1e76c29174eb7840a6d4688124ab8fc) Importer(815301076,1909f56bfc062723c751e8b465ee728b)  -> (artifact id: '73673c77f1e6c90112a6ee97f61a0093') in 0.005982 seconds
  Import took 0.008981 seconds .

========================================================================
Received Import Request.
  Time since last request: 236.437871 seconds.
  path: Assets/Scripts/OffSet.cs
  artifactKey: Guid(d1e76c29174eb7840a6d4688124ab8fc) Importer(815301076,1909f56bfc062723c751e8b465ee728b)
Start importing Assets/Scripts/OffSet.cs using Guid(d1e76c29174eb7840a6d4688124ab8fc) Importer(815301076,1909f56bfc062723c751e8b465ee728b)  -> (artifact id: 'b4a7a0aa5bc6ba089ec631b9ad69c919') in 0.003186 seconds
  Import took 0.015105 seconds .

========================================================================
Received Prepare
Registering precompiled user dll's ...
Registered in 0.003079 seconds.
Begin MonoManager ReloadAssembly
Native extension for WindowsStandalone target not found
Refreshing native plugins compatible for Editor in 0.47 ms, found 3 plugins.
Preloading 0 native plugins for Editor in 0.00 ms.
Mono: successfully reloaded assembly
- Completed reload, in  0.784 seconds
Platform modules already initialized, skipping
Refreshing native plugins compatible for Editor in 0.40 ms, found 3 plugins.
Preloading 0 native plugins for Editor in 0.00 ms.
Unloading 2087 Unused Serialized files (Serialized files now loaded: 0)
System memory in use before: 93.3 MB.
System memory in use after: 93.3 MB.

Unloading 22 unused Assets to reduce memory usage. Loaded Objects now: 2551.
Total: 1.983400 ms (FindLiveObjects: 0.214600 ms CreateObjectMapping: 0.058700 ms MarkObjects: 1.615600 ms  DeleteObjects: 0.093500 ms)

========================================================================
Received Prepare
Registering precompiled user dll's ...
Registered in 0.003216 seconds.
Begin MonoManager ReloadAssembly
Native extension for WindowsStandalone target not found
Refreshing native plugins compatible for Editor in 0.48 ms, found 3 plugins.
Preloading 0 native plugins for Editor in 0.00 ms.
Mono: successfully reloaded assembly
- Completed reload, in  0.803 seconds
Platform modules already initialized, skipping
Refreshing native plugins compatible for Editor in 0.40 ms, found 3 plugins.
Preloading 0 native plugins for Editor in 0.00 ms.
Unloading 2087 Unused Serialized files (Serialized files now loaded: 0)
System memory in use before: 93.3 MB.
System memory in use after: 93.3 MB.

Unloading 21 unused Assets to reduce memory usage. Loaded Objects now: 2555.
Total: 1.892100 ms (FindLiveObjects: 0.181000 ms CreateObjectMapping: 0.048200 ms MarkObjects: 1.549500 ms  DeleteObjects: 0.112400 ms)

========================================================================
Received Prepare
Registering precompiled user dll's ...
Registered in 0.003496 seconds.
Begin MonoManager ReloadAssembly
Native extension for WindowsStandalone target not found
Refreshing native plugins compatible for Editor in 0.47 ms, found 3 plugins.
Preloading 0 native plugins for Editor in 0.00 ms.
Mono: successfully reloaded assembly
- Completed reload, in  0.780 seconds
Platform modules already initialized, skipping
Refreshing native plugins compatible for Editor in 0.46 ms, found 3 plugins.
Preloading 0 native plugins for Editor in 0.00 ms.
Unloading 2087 Unused Serialized files (Serialized files now loaded: 0)
System memory in use before: 93.3 MB.
System memory in use after: 93.3 MB.

Unloading 21 unused Assets to reduce memory usage. Loaded Objects now: 2559.
Total: 1.937600 ms (FindLiveObjects: 0.193300 ms CreateObjectMapping: 0.046100 ms MarkObjects: 1.605300 ms  DeleteObjects: 0.091900 ms)

========================================================================
Received Prepare
Registering precompiled user dll's ...
Registered in 0.003134 seconds.
Begin MonoManager ReloadAssembly
Native extension for WindowsStandalone target not found
Refreshing native plugins compatible for Editor in 0.47 ms, found 3 plugins.
Preloading 0 native plugins for Editor in 0.00 ms.
Mono: successfully reloaded assembly
- Completed reload, in  0.792 seconds
Platform modules already initialized, skipping
Refreshing native plugins compatible for Editor in 0.45 ms, found 3 plugins.
Preloading 0 native plugins for Editor in 0.00 ms.
Unloading 2087 Unused Serialized files (Serialized files now loaded: 0)
System memory in use before: 93.3 MB.
System memory in use after: 93.3 MB.

Unloading 21 unused Assets to reduce memory usage. Loaded Objects now: 2563.
Total: 1.927200 ms (FindLiveObjects: 0.175900 ms CreateObjectMapping: 0.046200 ms MarkObjects: 1.608500 ms  DeleteObjects: 0.095400 ms)

========================================================================
Received Prepare
Registering precompiled user dll's ...
Registered in 0.003180 seconds.
Begin MonoManager ReloadAssembly
Native extension for WindowsStandalone target not found
Refreshing native plugins compatible for Editor in 0.47 ms, found 3 plugins.
Preloading 0 native plugins for Editor in 0.00 ms.
Mono: successfully reloaded assembly
- Completed reload, in  0.791 seconds
Platform modules already initialized, skipping
Refreshing native plugins compatible for Editor in 0.45 ms, found 3 plugins.
Preloading 0 native plugins for Editor in 0.00 ms.
Unloading 2087 Unused Serialized files (Serialized files now loaded: 0)
System memory in use before: 93.3 MB.
System memory in use after: 93.3 MB.

Unloading 21 unused Assets to reduce memory usage. Loaded Objects now: 2567.
Total: 1.912900 ms (FindLiveObjects: 0.200500 ms CreateObjectMapping: 0.045900 ms MarkObjects: 1.565800 ms  DeleteObjects: 0.099900 ms)

========================================================================
Received Import Request.
  Time since last request: 590.083475 seconds.
  path: Assets/Scripts/EnemyPatrol.cs
  artifactKey: Guid(ea859a1a3187d604d89ec1a0f5eeabfc) Importer(815301076,1909f56bfc062723c751e8b465ee728b)
Start importing Assets/Scripts/EnemyPatrol.cs using Guid(ea859a1a3187d604d89ec1a0f5eeabfc) Importer(815301076,1909f56bfc062723c751e8b465ee728b)  -> (artifact id: '4e449697dc9075f9511d743a814fac87') in 0.005478 seconds
  Import took 0.021782 seconds .

========================================================================
Received Import Request.
  Time since last request: 0.006401 seconds.
  path: Assets/Scripts/EnemyPatrol.cs
  artifactKey: Guid(ea859a1a3187d604d89ec1a0f5eeabfc) Importer(815301076,1909f56bfc062723c751e8b465ee728b)
Start importing Assets/Scripts/EnemyPatrol.cs using Guid(ea859a1a3187d604d89ec1a0f5eeabfc) Importer(815301076,1909f56bfc062723c751e8b465ee728b)  -> (artifact id: '4e449697dc9075f9511d743a814fac87') in 0.004898 seconds
  Import took 0.007559 seconds .

========================================================================
Received Prepare
Registering precompiled user dll's ...
Registered in 0.003056 seconds.
Begin MonoManager ReloadAssembly
Native extension for WindowsStandalone target not found
Refreshing native plugins compatible for Editor in 0.52 ms, found 3 plugins.
Preloading 0 native plugins for Editor in 0.00 ms.
Mono: successfully reloaded assembly
- Completed reload, in  0.806 seconds
Platform modules already initialized, skipping
Refreshing native plugins compatible for Editor in 0.40 ms, found 3 plugins.
Preloading 0 native plugins for Editor in 0.00 ms.
Unloading 2087 Unused Serialized files (Serialized files now loaded: 0)
System memory in use before: 93.3 MB.
System memory in use after: 93.3 MB.

Unloading 21 unused Assets to reduce memory usage. Loaded Objects now: 2571.
Total: 1.976400 ms (FindLiveObjects: 0.192900 ms CreateObjectMapping: 0.056900 ms MarkObjects: 1.623200 ms  DeleteObjects: 0.102400 ms)

========================================================================
Received Import Request.
  Time since last request: 30.326431 seconds.
  path: Assets/Scripts/EnemyPatrol.cs
  artifactKey: Guid(ea859a1a3187d604d89ec1a0f5eeabfc) Importer(815301076,1909f56bfc062723c751e8b465ee728b)
Start importing Assets/Scripts/EnemyPatrol.cs using Guid(ea859a1a3187d604d89ec1a0f5eeabfc) Importer(815301076,1909f56bfc062723c751e8b465ee728b)  -> (artifact id: 'df715a0c32a4fa9c2c91da69e9c93dd5') in 0.005556 seconds
  Import took 0.030489 seconds .

========================================================================
Received Prepare
Registering precompiled user dll's ...
Registered in 0.002945 seconds.
Begin MonoManager ReloadAssembly
Native extension for WindowsStandalone target not found
Refreshing native plugins compatible for Editor in 0.47 ms, found 3 plugins.
Preloading 0 native plugins for Editor in 0.00 ms.
Mono: successfully reloaded assembly
- Completed reload, in  0.772 seconds
Platform modules already initialized, skipping
Refreshing native plugins compatible for Editor in 0.43 ms, found 3 plugins.
Preloading 0 native plugins for Editor in 0.00 ms.
Unloading 2087 Unused Serialized files (Serialized files now loaded: 0)
System memory in use before: 93.3 MB.
System memory in use after: 93.3 MB.

Unloading 21 unused Assets to reduce memory usage. Loaded Objects now: 2575.
Total: 1.955900 ms (FindLiveObjects: 0.228700 ms CreateObjectMapping: 0.054100 ms MarkObjects: 1.586400 ms  DeleteObjects: 0.085700 ms)

========================================================================
Received Prepare
Refreshing native plugins compatible for Editor in 2.88 ms, found 3 plugins.
Preloading 0 native plugins for Editor in 0.00 ms.
Unloading 19 Unused Serialized files (Serialized files now loaded: 0)
System memory in use before: 52.5 MB.
System memory in use after: 52.5 MB.

Unloading 19 unused Assets to reduce memory usage. Loaded Objects now: 2575.
Total: 2.014400 ms (FindLiveObjects: 0.202500 ms CreateObjectMapping: 0.045500 ms MarkObjects: 1.663500 ms  DeleteObjects: 0.102300 ms)

========================================================================
Received Prepare
Registering precompiled user dll's ...
Registered in 0.003039 seconds.
Begin MonoManager ReloadAssembly
Native extension for WindowsStandalone target not found
Refreshing native plugins compatible for Editor in 0.46 ms, found 3 plugins.
Preloading 0 native plugins for Editor in 0.00 ms.
Mono: successfully reloaded assembly
- Completed reload, in  0.787 seconds
Platform modules already initialized, skipping
Refreshing native plugins compatible for Editor in 0.44 ms, found 3 plugins.
Preloading 0 native plugins for Editor in 0.00 ms.
Unloading 2087 Unused Serialized files (Serialized files now loaded: 0)
System memory in use before: 93.3 MB.
System memory in use after: 93.3 MB.

Unloading 21 unused Assets to reduce memory usage. Loaded Objects now: 2579.
Total: 2.128900 ms (FindLiveObjects: 0.254100 ms CreateObjectMapping: 0.049100 ms MarkObjects: 1.713600 ms  DeleteObjects: 0.110700 ms)

========================================================================
Received Prepare
Refreshing native plugins compatible for Editor in 2.70 ms, found 3 plugins.
Preloading 0 native plugins for Editor in 0.00 ms.
Unloading 19 Unused Serialized files (Serialized files now loaded: 0)
System memory in use before: 52.5 MB.
System memory in use after: 52.5 MB.

Unloading 19 unused Assets to reduce memory usage. Loaded Objects now: 2579.
Total: 1.956900 ms (FindLiveObjects: 0.177900 ms CreateObjectMapping: 0.046200 ms MarkObjects: 1.639600 ms  DeleteObjects: 0.092400 ms)

========================================================================
Received Prepare
Registering precompiled user dll's ...
Registered in 0.003216 seconds.
Begin MonoManager ReloadAssembly
Native extension for WindowsStandalone target not found
Refreshing native plugins compatible for Editor in 0.68 ms, found 3 plugins.
Preloading 0 native plugins for Editor in 0.00 ms.
Mono: successfully reloaded assembly
- Completed reload, in  0.868 seconds
Platform modules already initialized, skipping
Refreshing native plugins compatible for Editor in 0.66 ms, found 3 plugins.
Preloading 0 native plugins for Editor in 0.00 ms.
Unloading 2087 Unused Serialized files (Serialized files now loaded: 0)
System memory in use before: 93.4 MB.
System memory in use after: 93.3 MB.

Unloading 21 unused Assets to reduce memory usage. Loaded Objects now: 2583.
Total: 2.460000 ms (FindLiveObjects: 0.268900 ms CreateObjectMapping: 0.049200 ms MarkObjects: 2.024500 ms  DeleteObjects: 0.116300 ms)

AssetImportWorkerClient::OnTransportError - code=2 error=End of file
